<?xml version="1.0" encoding="UTF-8"?>
<!-- Generated by org.testng.reporters.JUnitReportReporter -->
<testsuite skipped="0" hostname="Rathish-PC" name="testngdemo.grpin" tests="2" failures="0" timestamp="05 Jun 2019 03:48:54 GMT" time="0.018" errors="0">
  <testcase name="para" time="0.013" classname="testngdemo.grpin"/>
  <testcase name="test" time="0.005" classname="testngdemo.grpin"/>
</testsuite> <!-- testngdemo.grpin -->
