<?xml version="1.0" encoding="UTF-8"?>
<!-- Generated by org.testng.reporters.JUnitReportReporter -->
<testsuite skipped="0" hostname="Rathish-PC" name="testngdemo.TNGdemo" tests="3" failures="0" timestamp="03 Jun 2019 03:31:32 GMT" time="0.015" errors="0">
  <testcase name="test2" time="0.004" classname="testngdemo.TNGdemo"/>
  <testcase name="test2" time="0.009" classname="testngdemo.TNGdemo"/>
  <testcase name="test" time="0.002" classname="testngdemo.TNGdemo"/>
</testsuite> <!-- testngdemo.TNGdemo -->
